<?xml version="1.0" encoding="UTF-8"?>
<!-- Generated by org.testng.reporters.JUnitXMLReporter -->
<testsuite hostname="Murali" ignored="0" name="Default test" tests="3" failures="0" timestamp="13 Sep 2017 15:17:07 GMT" time="0.188" errors="0">
  <testcase name="f" time="0.093" classname="com.prabu.maven.simple.TestAllAnnotations"/>
  <testcase name="f" time="0.0" classname="com.prabu.maven.simple.TestAllAnnotations"/>
  <testcase name="f" time="0.0" classname="com.prabu.maven.simple.TestAllAnnotations"/>
</testsuite> <!-- Default test -->
